

Version:	3.50
CmdLine:	C:\Users\troia\OneDrive\Documents\diablo-x\launcher\diablo.exe --l4j-debug
JNI:		No
WOW64:		Yes
Create mutex:	DiabloLauncher
Working dir:	C:\Users\troia\OneDrive\Documents\diablo-x\launcher\.
Requires JDK:	No
Requires 64-Bit: No
Java min ver:	
Java max ver:	
Substitute:	JAVA_HOME = C:\Program Files\Zulu\zulu-8\
Substitute:	PATH = C:\Program Files (x86)\VMware\VMware Workstation\bin\;c:\program files\zulu\zulu-8\bin\;c:\programdata\oracle\java\javapath;c:\windows\system32;c:\windows;c:\windows\system32\wbem;c:\windows\system32\windowspowershell\v1.0\;c:\windows\system32\openssh\;c:\program files\nvidia corporation\nvidia nvdlisr;c:\program files\git\cmd;C:\WINDOWS\system32;C:\WINDOWS;C:\WINDOWS\system32\wbem;C:\WINDOWS\system32\windowspowershell\v1.0\;C:\WINDOWS\system32\openssh\;C:\Program Files (x86)\NVIDIA Corporation\PhysX\Common;C:\Program Files\CMake\bin;C:\Program Files\Go\bin;C:\Program Files\nodejs\;C:\ProgramData\chocolatey\bin;C:\Program Files\dotnet\;C:\Users\troia\AppData\Local\Microsoft\WindowsApps;C:\Users\troia\AppData\Local\Programs\Microsoft VS Code\bin;C:\Users\troia\AppData\Local\GitHubDesktop\bin;C:\Program Files\JetBrains\IntelliJ IDEA 2023.1.4\bin;;C:\Users\troia\.aftman\bin;;C:\Program Files\JetBrains\GoLand 2023.2\bin;;C:\Users\troia\go\bin;C:\Users\troia\AppData\Roaming\npm;C:\Users\troia\.dotnet\tools;C:\Program Files\Zulu\zulu-8\\bin
JRE paths:	C:\Program Files\Zulu\zulu-8\;C:\Program Files (x86)\VMware\VMware Workstation\bin\;c:\program files\zulu\zulu-8\bin\;c:\programdata\oracle\java\javapath;c:\windows\system32;c:\windows;c:\windows\system32\wbem;c:\windows\system32\windowspowershell\v1.0\;c:\windows\system32\openssh\;c:\program files\nvidia corporation\nvidia nvdlisr;c:\program files\git\cmd;C:\WINDOWS\system32;C:\WINDOWS;C:\WINDOWS\system32\wbem;C:\WINDOWS\system32\windowspowershell\v1.0\;C:\WINDOWS\system32\openssh\;C:\Program Files (x86)\NVIDIA Corporation\PhysX\Common;C:\Program Files\CMake\bin;C:\Program Files\Go\bin;C:\Program Files\nodejs\;C:\ProgramData\chocolatey\bin;C:\Program Files\dotnet\;C:\Users\troia\AppData\Local\Microsoft\WindowsApps;C:\Users\troia\AppData\Local\Programs\Microsoft VS Code\bin;C:\Users\troia\AppData\Local\GitHubDesktop\bin;C:\Program Files\JetBrains\IntelliJ IDEA 2023.1.4\bin;;C:\Users\troia\.aftman\bin;;C:\Program Files\JetBrains\GoLand 2023.2\bin;;C:\Users\troia\go\bin;C:\Users\troia\AppData\Roaming\npm;C:\Users\troia\.dotnet\tools;C:\Program Files\Zulu\zulu-8\\bin
Check launcher:	C:\Program Files\Zulu\zulu-8\bin\javaw.exe (OK)
Version string: 1.008.000_372 / 64-Bit (OK)
Launcher:	C:\Program Files\Zulu\zulu-8\bin\javaw.exe
Launcher args:	-jar "C:\Users\troia\OneDrive\Documents\diablo-x\launcher\diablo.exe"
Args length:	69/32768 chars
Exit code:	0


Version:	3.50
CmdLine:	C:\Users\troia\OneDrive\Documents\diablo-x\launcher\diablo.exe --l4j-debug
JNI:		No
WOW64:		Yes
Create mutex:	DiabloLauncher
Error:		Instance already exists.
